Using pre-set license
Built from '2022.3/staging' branch; Version is '2022.3.62f1 (4af31df58517) revision 4911901'; Using compiler version '192829333'; Build Type 'Release'
OS: 'Windows 11  (10.0.26100) 64bit Core' Language: 'zh' Physical Memory: 16260 MB
BatchMode: 1, IsHumanControllingUs: 0, StartBugReporterOnCrash: 0, Is64bit: 1, IsPro: 1

COMMAND LINE ARGUMENTS:
D:\Unity\2022.3.62f1\Editor\Unity.exe
-adb2
-batchMode
-noUpm
-name
AssetImportWorker0
-projectPath
D:/Unity/My project (1)
-logFile
Logs/AssetImportWorker0.log
-srvPort
55930
Successfully changed project path to: D:/Unity/My project (1)
D:/Unity/My project (1)
[UnityMemory] Configuration Parameters - Can be set up in boot.config
    "memorysetup-bucket-allocator-granularity=16"
    "memorysetup-bucket-allocator-bucket-count=8"
    "memorysetup-bucket-allocator-block-size=33554432"
    "memorysetup-bucket-allocator-block-count=8"
    "memorysetup-main-allocator-block-size=16777216"
    "memorysetup-thread-allocator-block-size=16777216"
    "memorysetup-gfx-main-allocator-block-size=16777216"
    "memorysetup-gfx-thread-allocator-block-size=16777216"
    "memorysetup-cache-allocator-block-size=4194304"
    "memorysetup-typetree-allocator-block-size=2097152"
    "memorysetup-profiler-bucket-allocator-granularity=16"
    "memorysetup-profiler-bucket-allocator-bucket-count=8"
    "memorysetup-profiler-bucket-allocator-block-size=33554432"
    "memorysetup-profiler-bucket-allocator-block-count=8"
    "memorysetup-profiler-allocator-block-size=16777216"
    "memorysetup-profiler-editor-allocator-block-size=1048576"
    "memorysetup-temp-allocator-size-main=16777216"
    "memorysetup-job-temp-allocator-block-size=2097152"
    "memorysetup-job-temp-allocator-block-size-background=1048576"
    "memorysetup-job-temp-allocator-reduction-small-platforms=262144"
    "memorysetup-allocator-temp-initial-block-size-main=262144"
    "memorysetup-allocator-temp-initial-block-size-worker=262144"
    "memorysetup-temp-allocator-size-background-worker=32768"
    "memorysetup-temp-allocator-size-job-worker=262144"
    "memorysetup-temp-allocator-size-preload-manager=33554432"
    "memorysetup-temp-allocator-size-nav-mesh-worker=65536"
    "memorysetup-temp-allocator-size-audio-worker=65536"
    "memorysetup-temp-allocator-size-cloud-worker=32768"
    "memorysetup-temp-allocator-size-gi-baking-worker=262144"
    "memorysetup-temp-allocator-size-gfx=262144"
Player connection [20496]  Target information:

Player connection [20496]  * "[IP] 192.168.2.87 [Port] 0 [Flags] 2 [Guid] 2580064728 [EditorId] 2580064728 [Version] 1048832 [Id] WindowsEditor(7,LITS-MDMLPT-004) [Debug] 1 [PackageName] WindowsEditor [ProjectName] Editor" 

Player connection [20496] Host joined multi-casting on [225.0.0.222:54997]...
Player connection [20496] Host joined alternative multi-casting on [225.0.0.222:34997]...
Input System module state changed to: Initialized.
[PhysX] Initialized MultithreadedTaskDispatcher with 12 workers.
Refreshing native plugins compatible for Editor in 7.18 ms, found 3 plugins.
Preloading 0 native plugins for Editor in 0.00 ms.
Initialize engine version: 2022.3.62f1 (4af31df58517)
[Subsystems] Discovering subsystems at path D:/Unity/2022.3.62f1/Editor/Data/Resources/UnitySubsystems
[Subsystems] Discovering subsystems at path D:/Unity/My project (1)/Assets
GfxDevice: creating device client; threaded=0; jobified=0
Direct3D:
    Version:  Direct3D 11.0 [level 11.1]
    Renderer: NVIDIA GeForce RTX 2060 (ID=0x1f11)
    Vendor:   NVIDIA
    VRAM:     5955 MB
    Driver:   32.0.15.6119
Initialize mono
Mono path[0] = 'D:/Unity/2022.3.62f1/Editor/Data/Managed'
Mono path[1] = 'D:/Unity/2022.3.62f1/Editor/Data/MonoBleedingEdge/lib/mono/unityjit-win32'
Mono config path = 'D:/Unity/2022.3.62f1/Editor/Data/MonoBleedingEdge/etc'
Using monoOptions --debugger-agent=transport=dt_socket,embedding=1,server=y,suspend=n,address=127.0.0.1:56720
Begin MonoManager ReloadAssembly
Registering precompiled unity dll's ...
Register platform support module: D:/Unity/2022.3.62f1/Editor/Data/PlaybackEngines/WindowsStandaloneSupport/UnityEditor.WindowsStandalone.Extensions.dll
Registered in 0.057031 seconds.
- Loaded All Assemblies, in  0.501 seconds
Native extension for WindowsStandalone target not found
Mono: successfully reloaded assembly
- Finished resetting the current domain, in  0.339 seconds
Domain Reload Profiling: 840ms
	BeginReloadAssembly (132ms)
		ExecutionOrderSort (0ms)
		DisableScriptedObjects (0ms)
		BackupInstance (0ms)
		ReleaseScriptingObjects (0ms)
		CreateAndSetChildDomain (2ms)
	RebuildCommonClasses (41ms)
	RebuildNativeTypeToScriptingClass (12ms)
	initialDomainReloadingComplete (113ms)
	LoadAllAssembliesAndSetupDomain (202ms)
		LoadAssemblies (129ms)
		RebuildTransferFunctionScriptingTraits (0ms)
		AnalyzeDomain (201ms)
			TypeCache.Refresh (199ms)
				TypeCache.ScanAssembly (182ms)
			ScanForSourceGeneratedMonoScriptInfo (1ms)
			ResolveRequiredComponents (0ms)
	FinalizeReload (340ms)
		ReleaseScriptCaches (0ms)
		RebuildScriptCaches (0ms)
		SetupLoadedEditorAssemblies (274ms)
			LogAssemblyErrors (0ms)
			InitializePlatformSupportModulesInManaged (12ms)
			SetLoadedEditorAssemblies (10ms)
			RefreshPlugins (0ms)
			BeforeProcessingInitializeOnLoad (3ms)
			ProcessInitializeOnLoadAttributes (188ms)
			ProcessInitializeOnLoadMethodAttributes (61ms)
			AfterProcessingInitializeOnLoad (0ms)
			EditorAssembliesLoaded (0ms)
		ExecutionOrderSort2 (0ms)
		AwakeInstancesAfterBackupRestoration (0ms)
========================================================================
Worker process is ready to serve import requests
Caller must complete domain reload
Begin MonoManager ReloadAssembly
- Loaded All Assemblies, in  0.687 seconds
Native extension for WindowsStandalone target not found
Mono: successfully reloaded assembly
- Finished resetting the current domain, in  0.651 seconds
Domain Reload Profiling: 1338ms
	BeginReloadAssembly (167ms)
		ExecutionOrderSort (0ms)
		DisableScriptedObjects (7ms)
		BackupInstance (0ms)
		ReleaseScriptingObjects (0ms)
		CreateAndSetChildDomain (24ms)
	RebuildCommonClasses (40ms)
	RebuildNativeTypeToScriptingClass (13ms)
	initialDomainReloadingComplete (42ms)
	LoadAllAssembliesAndSetupDomain (424ms)
		LoadAssemblies (298ms)
		RebuildTransferFunctionScriptingTraits (0ms)
		AnalyzeDomain (223ms)
			TypeCache.Refresh (196ms)
				TypeCache.ScanAssembly (179ms)
			ScanForSourceGeneratedMonoScriptInfo (17ms)
			ResolveRequiredComponents (8ms)
	FinalizeReload (652ms)
		ReleaseScriptCaches (0ms)
		RebuildScriptCaches (0ms)
		SetupLoadedEditorAssemblies (484ms)
			LogAssemblyErrors (0ms)
			InitializePlatformSupportModulesInManaged (5ms)
			SetLoadedEditorAssemblies (4ms)
			RefreshPlugins (0ms)
			BeforeProcessingInitializeOnLoad (59ms)
			ProcessInitializeOnLoadAttributes (389ms)
			ProcessInitializeOnLoadMethodAttributes (25ms)
			AfterProcessingInitializeOnLoad (2ms)
			EditorAssembliesLoaded (0ms)
		ExecutionOrderSort2 (0ms)
		AwakeInstancesAfterBackupRestoration (10ms)
Launched and connected shader compiler UnityShaderCompiler.exe after 0.07 seconds
Refreshing native plugins compatible for Editor in 2.72 ms, found 3 plugins.
Preloading 0 native plugins for Editor in 0.00 ms.
Unloading 3133 Unused Serialized files (Serialized files now loaded: 0)
Unloading 19 unused Assets / (54.6 KB). Loaded Objects now: 3599.
Memory consumption went from 119.4 MB to 119.3 MB.
Total: 4.607700 ms (FindLiveObjects: 0.747100 ms CreateObjectMapping: 0.434400 ms MarkObjects: 3.299000 ms  DeleteObjects: 0.126100 ms)

AssetImportParameters requested are different than current active one (requested -> active):
  custom:container-demuxer-ogg: 62fdf1f143b41e24485cea50d1cbac27 -> 
  custom:video-codec-MediaFoundation-h265: 746d11721c4dcdbdad8f713fa42b33f4 -> 
  custom:video-decoder-ogg-theora: a1e56fd34408186e4bbccfd4996cb3dc -> 
  custom:framework-win-MediaFoundation: 216162199b28c13a410421893ffa2e32 -> 
  custom:CustomObjectIndexerAttribute: 9a22284fe3817be447336de3de66b15e -> 
  custom:container-demuxer-webm: 4f35f7cbe854078d1ac9338744f61a02 -> 
  custom:container-muxer-webm: aa71ff27fc2769a1b78a27578f13a17b -> 
  custom:video-decoder-webm-vp8: 9c59270c3fd7afecdb556c50c9e8de78 -> 
  custom:SearchIndexIgnoredProperties: e643bd26f0fe6173181afceb89e7c659 -> 
  custom:AudioImporter_EditorPlatform: d09bf68614088b80899f8185d706f6e7 -> 
  custom:video-encoder-webm-vp8: eb34c28f22e8b96e1ab97ce403110664 -> 
  custom:audio-decoder-ogg-vorbis: bf7c407c2cedff20999df2af8eb42d56 -> 
  custom:audio-encoder-webm-vorbis: bf7c407c2cedff20999df2af8eb42d56 -> 
========================================================================
Received Import Request.
  Time since last request: 271525.434413 seconds.
  path: Assets/Scenes
  artifactKey: Guid(292f6328a07d7144c9a7d04b00fee6db) Importer(815301076,1909f56bfc062723c751e8b465ee728b)
Start importing Assets/Scenes using Guid(292f6328a07d7144c9a7d04b00fee6db) Importer(815301076,1909f56bfc062723c751e8b465ee728b) [PhysX] Initialized MultithreadedTaskDispatcher with 12 workers.
 -> (artifact id: '6a163d23a6245ee6942b1f86ae7e3786') in 0.017734 seconds
Number of updated asset objects reloaded before import = 0
Number of asset objects unloaded after import = 0
========================================================================
Received Prepare
Caller must complete domain reload
Begin MonoManager ReloadAssembly
- Loaded All Assemblies, in  0.613 seconds
Native extension for WindowsStandalone target not found
Mono: successfully reloaded assembly
- Finished resetting the current domain, in  1.400 seconds
Domain Reload Profiling: 2012ms
	BeginReloadAssembly (191ms)
		ExecutionOrderSort (0ms)
		DisableScriptedObjects (6ms)
		BackupInstance (0ms)
		ReleaseScriptingObjects (0ms)
		CreateAndSetChildDomain (36ms)
	RebuildCommonClasses (45ms)
	RebuildNativeTypeToScriptingClass (14ms)
	initialDomainReloadingComplete (42ms)
	LoadAllAssembliesAndSetupDomain (318ms)
		LoadAssemblies (369ms)
		RebuildTransferFunctionScriptingTraits (0ms)
		AnalyzeDomain (67ms)
			TypeCache.Refresh (28ms)
				TypeCache.ScanAssembly (1ms)
			ScanForSourceGeneratedMonoScriptInfo (24ms)
			ResolveRequiredComponents (12ms)
	FinalizeReload (1400ms)
		ReleaseScriptCaches (0ms)
		RebuildScriptCaches (0ms)
		SetupLoadedEditorAssemblies (433ms)
			LogAssemblyErrors (0ms)
			InitializePlatformSupportModulesInManaged (5ms)
			SetLoadedEditorAssemblies (3ms)
			RefreshPlugins (0ms)
			BeforeProcessingInitializeOnLoad (55ms)
			ProcessInitializeOnLoadAttributes (342ms)
			ProcessInitializeOnLoadMethodAttributes (25ms)
			AfterProcessingInitializeOnLoad (3ms)
			EditorAssembliesLoaded (0ms)
		ExecutionOrderSort2 (0ms)
		AwakeInstancesAfterBackupRestoration (10ms)
Refreshing native plugins compatible for Editor in 2.10 ms, found 3 plugins.
Preloading 0 native plugins for Editor in 0.00 ms.
Unloading 3151 Unused Serialized files (Serialized files now loaded: 0)
Unloading 25 unused Assets / (3.6 MB). Loaded Objects now: 3617.
Memory consumption went from 125.6 MB to 122.0 MB.
Total: 4.384100 ms (FindLiveObjects: 0.260800 ms CreateObjectMapping: 0.233300 ms MarkObjects: 2.644000 ms  DeleteObjects: 1.245000 ms)

Prepare: number of updated asset objects reloaded= 0
AssetImportParameters requested are different than current active one (requested -> active):
  custom:container-demuxer-ogg: 62fdf1f143b41e24485cea50d1cbac27 -> 
  custom:video-codec-MediaFoundation-h265: 746d11721c4dcdbdad8f713fa42b33f4 -> 
  custom:scripting/monoscript/fileName/LineInspector.cs: d7a70dd95c86ffeaf2d974957b035503 -> 
  custom:video-decoder-ogg-theora: a1e56fd34408186e4bbccfd4996cb3dc -> 
  custom:framework-win-MediaFoundation: 216162199b28c13a410421893ffa2e32 -> 
  custom:scripting/monoscript/fileName/BezierSpline.cs: 346a6f6450ee7e780ff47feb5fae1a07 -> 
  custom:CustomObjectIndexerAttribute: 9a22284fe3817be447336de3de66b15e -> 
  custom:scripting/monoscript/fileName/HumpBackWhale.cs: ad9e577943e6f39550451646ad9df715 -> 
  custom:container-demuxer-webm: 4f35f7cbe854078d1ac9338744f61a02 -> 
  custom:scripting/monoscript/fileName/SplineDecorator.cs: 50733bf2a176bc66cff0e9750c5bc663 -> 
  custom:scripting/monoscript/fileName/CausticsController.cs: 63cdce5ea948159f83fc80b7667957c2 -> 
  custom:container-muxer-webm: aa71ff27fc2769a1b78a27578f13a17b -> 
  custom:video-decoder-webm-vp8: 9c59270c3fd7afecdb556c50c9e8de78 -> 
  custom:SearchIndexIgnoredProperties: e643bd26f0fe6173181afceb89e7c659 -> 
  custom:AudioImporter_EditorPlatform: d09bf68614088b80899f8185d706f6e7 -> 
  custom:scripting/monoscript/fileName/Bezier.cs: 0058c0d22702f31b1011767f29450803 -> 
  custom:scripting/monoscript/fileName/BezierSplineInspector.cs: ee67d4eee698f29cd287660841f22abe -> 
  custom:scripting/monoscript/fileName/SplineWalker.cs: c944d980d12105f2e94fde0e7a8ba384 -> 
  custom:video-encoder-webm-vp8: eb34c28f22e8b96e1ab97ce403110664 -> 
  custom:audio-decoder-ogg-vorbis: bf7c407c2cedff20999df2af8eb42d56 -> 
  custom:scripting/monoscript/fileName/BezierCurveInspector.cs: b7352481e7a7f21de3b0b9f5b316bf4c -> 
  custom:scripting/monoscript/fileName/FlyCamera.cs: 1786f69b19e6a2fbdc61a5b18586fa68 -> 
  custom:scripting/monoscript/fileName/BezierCurve.cs: e696d22cc3a2a90e461dbbf856a98b46 -> 
  custom:scripting/monoscript/fileName/Line.cs: 8bf94875d96fb6b6a0d27b4a9998991d -> 
  custom:audio-encoder-webm-vorbis: bf7c407c2cedff20999df2af8eb42d56 -> 
  custom:scripting/precompiled-assembly-types:Assembly-CSharp-Editor: 6727cbf3c61b728bfe53edb9609c0ca4 -> 
  custom:scripting/precompiled-assembly-types:Assembly-CSharp: 0efd7b4038479552dfe0001eabfe1ff2 -> 
========================================================================
Received Import Request.
  Time since last request: 226.351797 seconds.
  path: Assets/Davis3D/OceanEnvironmentPack/Scenes
  artifactKey: Guid(d6f47a1a41bbe3649b871a8db7fd320c) Importer(815301076,1909f56bfc062723c751e8b465ee728b)
Start importing Assets/Davis3D/OceanEnvironmentPack/Scenes using Guid(d6f47a1a41bbe3649b871a8db7fd320c) Importer(815301076,1909f56bfc062723c751e8b465ee728b) [PhysX] Initialized MultithreadedTaskDispatcher with 12 workers.
 -> (artifact id: '10fa499e5037e639739e23980f083135') in 0.002229 seconds
Number of updated asset objects reloaded before import = 0
Number of asset objects unloaded after import = 0
========================================================================
Received Import Request.
  Time since last request: 2.011154 seconds.
  path: Assets/Davis3D/OceanEnvironmentPack/Scenes/Demonstration.unity
  artifactKey: Guid(af2f90eac4257a54cad615691e9c1882) Importer(815301076,1909f56bfc062723c751e8b465ee728b)
Start importing Assets/Davis3D/OceanEnvironmentPack/Scenes/Demonstration.unity using Guid(af2f90eac4257a54cad615691e9c1882) Importer(815301076,1909f56bfc062723c751e8b465ee728b) [PhysX] Initialized MultithreadedTaskDispatcher with 12 workers.
 -> (artifact id: '1eca9238f7db35021548b3bd200ef018') in 0.000508 seconds
Number of updated asset objects reloaded before import = 0
Number of asset objects unloaded after import = 0
========================================================================
Received Import Request.
  Time since last request: 31.436994 seconds.
  path: Assets/Davis3D/OceanEnvironmentPack/Scenes/Demonstration_HD.unity
  artifactKey: Guid(43b20b3dd45f2294da1599613a1776ea) Importer(815301076,1909f56bfc062723c751e8b465ee728b)
Start importing Assets/Davis3D/OceanEnvironmentPack/Scenes/Demonstration_HD.unity using Guid(43b20b3dd45f2294da1599613a1776ea) Importer(815301076,1909f56bfc062723c751e8b465ee728b) [PhysX] Initialized MultithreadedTaskDispatcher with 12 workers.
 -> (artifact id: '3e0deee8be238132dd103c02d230f95f') in 0.000453 seconds
Number of updated asset objects reloaded before import = 0
Number of asset objects unloaded after import = 0
========================================================================
Received Import Request.
  Time since last request: 15.078224 seconds.
  path: Assets/Davis3D/OceanEnvironmentPack/Scenes/Demonstration_URP.unity
  artifactKey: Guid(0a7d4745644515346af09dab4805e2b7) Importer(815301076,1909f56bfc062723c751e8b465ee728b)
Start importing Assets/Davis3D/OceanEnvironmentPack/Scenes/Demonstration_URP.unity using Guid(0a7d4745644515346af09dab4805e2b7) Importer(815301076,1909f56bfc062723c751e8b465ee728b) [PhysX] Initialized MultithreadedTaskDispatcher with 12 workers.
 -> (artifact id: '231bc2b05cbccd36c8c221b887485768') in 0.000971 seconds
Number of updated asset objects reloaded before import = 0
Number of asset objects unloaded after import = 0
========================================================================
Received Prepare
Caller must complete domain reload
Begin MonoManager ReloadAssembly
- Loaded All Assemblies, in  0.437 seconds
Native extension for WindowsStandalone target not found
Mono: successfully reloaded assembly
- Finished resetting the current domain, in  0.907 seconds
Domain Reload Profiling: 1345ms
	BeginReloadAssembly (160ms)
		ExecutionOrderSort (0ms)
		DisableScriptedObjects (6ms)
		BackupInstance (0ms)
		ReleaseScriptingObjects (0ms)
		CreateAndSetChildDomain (33ms)
	RebuildCommonClasses (36ms)
	RebuildNativeTypeToScriptingClass (16ms)
	initialDomainReloadingComplete (30ms)
	LoadAllAssembliesAndSetupDomain (194ms)
		LoadAssemblies (268ms)
		RebuildTransferFunctionScriptingTraits (0ms)
		AnalyzeDomain (18ms)
			TypeCache.Refresh (7ms)
				TypeCache.ScanAssembly (0ms)
			ScanForSourceGeneratedMonoScriptInfo (0ms)
			ResolveRequiredComponents (9ms)
	FinalizeReload (908ms)
		ReleaseScriptCaches (0ms)
		RebuildScriptCaches (0ms)
		SetupLoadedEditorAssemblies (437ms)
			LogAssemblyErrors (0ms)
			InitializePlatformSupportModulesInManaged (5ms)
			SetLoadedEditorAssemblies (3ms)
			RefreshPlugins (0ms)
			BeforeProcessingInitializeOnLoad (66ms)
			ProcessInitializeOnLoadAttributes (336ms)
			ProcessInitializeOnLoadMethodAttributes (24ms)
			AfterProcessingInitializeOnLoad (2ms)
			EditorAssembliesLoaded (0ms)
		ExecutionOrderSort2 (0ms)
		AwakeInstancesAfterBackupRestoration (10ms)
Refreshing native plugins compatible for Editor in 3.84 ms, found 3 plugins.
Preloading 0 native plugins for Editor in 0.00 ms.
Unloading 3150 Unused Serialized files (Serialized files now loaded: 0)
Unloading 25 unused Assets / (3.7 MB). Loaded Objects now: 3620.
Memory consumption went from 125.4 MB to 121.7 MB.
Total: 7.194800 ms (FindLiveObjects: 0.541600 ms CreateObjectMapping: 0.465400 ms MarkObjects: 4.603200 ms  DeleteObjects: 1.582900 ms)

Prepare: number of updated asset objects reloaded= 0
AssetImportParameters requested are different than current active one (requested -> active):
  custom:container-demuxer-ogg: 62fdf1f143b41e24485cea50d1cbac27 -> 
  custom:video-codec-MediaFoundation-h265: 746d11721c4dcdbdad8f713fa42b33f4 -> 
  custom:scripting/monoscript/fileName/LineInspector.cs: d7a70dd95c86ffeaf2d974957b035503 -> 
  custom:video-decoder-ogg-theora: a1e56fd34408186e4bbccfd4996cb3dc -> 
  custom:framework-win-MediaFoundation: 216162199b28c13a410421893ffa2e32 -> 
  custom:scripting/monoscript/fileName/BezierSpline.cs: 346a6f6450ee7e780ff47feb5fae1a07 -> 
  custom:CustomObjectIndexerAttribute: 9a22284fe3817be447336de3de66b15e -> 
  custom:scripting/monoscript/fileName/HumpBackWhale.cs: ad9e577943e6f39550451646ad9df715 -> 
  custom:container-demuxer-webm: 4f35f7cbe854078d1ac9338744f61a02 -> 
  custom:scripting/monoscript/fileName/SplineDecorator.cs: 50733bf2a176bc66cff0e9750c5bc663 -> 
  custom:scripting/monoscript/fileName/CausticsController.cs: 63cdce5ea948159f83fc80b7667957c2 -> 
  custom:container-muxer-webm: aa71ff27fc2769a1b78a27578f13a17b -> 
  custom:video-decoder-webm-vp8: 9c59270c3fd7afecdb556c50c9e8de78 -> 
  custom:SearchIndexIgnoredProperties: e643bd26f0fe6173181afceb89e7c659 -> 
  custom:AudioImporter_EditorPlatform: d09bf68614088b80899f8185d706f6e7 -> 
  custom:scripting/monoscript/fileName/Bezier.cs: 0058c0d22702f31b1011767f29450803 -> 
  custom:scripting/monoscript/fileName/BezierSplineInspector.cs: ee67d4eee698f29cd287660841f22abe -> 
  custom:scripting/monoscript/fileName/SplineWalker.cs: c944d980d12105f2e94fde0e7a8ba384 -> 
  custom:video-encoder-webm-vp8: eb34c28f22e8b96e1ab97ce403110664 -> 
  custom:audio-decoder-ogg-vorbis: bf7c407c2cedff20999df2af8eb42d56 -> 
  custom:scripting/monoscript/fileName/BezierCurveInspector.cs: b7352481e7a7f21de3b0b9f5b316bf4c -> 
  custom:scripting/monoscript/fileName/FlyCamera.cs: 1786f69b19e6a2fbdc61a5b18586fa68 -> 
  custom:scripting/monoscript/fileName/BezierCurve.cs: e696d22cc3a2a90e461dbbf856a98b46 -> 
  custom:scripting/monoscript/fileName/Line.cs: 8bf94875d96fb6b6a0d27b4a9998991d -> 
  custom:audio-encoder-webm-vorbis: bf7c407c2cedff20999df2af8eb42d56 -> 
  custom:scripting/precompiled-assembly-types:Assembly-CSharp-Editor: 6727cbf3c61b728bfe53edb9609c0ca4 -> 
  custom:scripting/precompiled-assembly-types:Assembly-CSharp: 0efd7b4038479552dfe0001eabfe1ff2 -> 
========================================================================
Received Import Request.
  Time since last request: 633.948067 seconds.
  path: Assets/Davis3D/OceanEnvironmentPack/Scenes/Demonstration_HDSettings.lighting
  artifactKey: Guid(a5b74d075fe0e7449854eeacfe7ac88c) Importer(815301076,1909f56bfc062723c751e8b465ee728b)
Start importing Assets/Davis3D/OceanEnvironmentPack/Scenes/Demonstration_HDSettings.lighting using Guid(a5b74d075fe0e7449854eeacfe7ac88c) Importer(815301076,1909f56bfc062723c751e8b465ee728b) [PhysX] Initialized MultithreadedTaskDispatcher with 12 workers.
 -> (artifact id: '6b4c2604093a56a41ccfe0af049f0468') in 0.016473 seconds
Number of updated asset objects reloaded before import = 0
Number of asset objects unloaded after import = 1
========================================================================
Received Import Request.
  Time since last request: 5.705509 seconds.
  path: Assets/Davis3D/OceanEnvironmentPack/Scenes/Demonstration_URPSettings.lighting
  artifactKey: Guid(4f129615dbaff2e46bb3abe5c7728719) Importer(815301076,1909f56bfc062723c751e8b465ee728b)
Start importing Assets/Davis3D/OceanEnvironmentPack/Scenes/Demonstration_URPSettings.lighting using Guid(4f129615dbaff2e46bb3abe5c7728719) Importer(815301076,1909f56bfc062723c751e8b465ee728b) [PhysX] Initialized MultithreadedTaskDispatcher with 12 workers.
 -> (artifact id: '56e3dadf8799ee0878749e0f71499647') in 0.001169 seconds
Number of updated asset objects reloaded before import = 0
Number of asset objects unloaded after import = 1
========================================================================
Received Import Request.
  Time since last request: 1.330988 seconds.
  path: Assets/Davis3D/OceanEnvironmentPack/Scenes/DemonstrationSettings.lighting
  artifactKey: Guid(45edab368f082f145aa06f50adf20548) Importer(815301076,1909f56bfc062723c751e8b465ee728b)
Start importing Assets/Davis3D/OceanEnvironmentPack/Scenes/DemonstrationSettings.lighting using Guid(45edab368f082f145aa06f50adf20548) Importer(815301076,1909f56bfc062723c751e8b465ee728b) [PhysX] Initialized MultithreadedTaskDispatcher with 12 workers.
 -> (artifact id: '9639857b2ee78a1c71cf76a35538eb23') in 0.001073 seconds
Number of updated asset objects reloaded before import = 0
Number of asset objects unloaded after import = 1
========================================================================
Received Prepare
Caller must complete domain reload
Begin MonoManager ReloadAssembly
- Loaded All Assemblies, in  0.445 seconds
Native extension for WindowsStandalone target not found
Mono: successfully reloaded assembly
- Finished resetting the current domain, in  0.972 seconds
Domain Reload Profiling: 1417ms
	BeginReloadAssembly (161ms)
		ExecutionOrderSort (0ms)
		DisableScriptedObjects (6ms)
		BackupInstance (0ms)
		ReleaseScriptingObjects (0ms)
		CreateAndSetChildDomain (34ms)
	RebuildCommonClasses (45ms)
	RebuildNativeTypeToScriptingClass (14ms)
	initialDomainReloadingComplete (26ms)
	LoadAllAssembliesAndSetupDomain (198ms)
		LoadAssemblies (273ms)
		RebuildTransferFunctionScriptingTraits (0ms)
		AnalyzeDomain (16ms)
			TypeCache.Refresh (8ms)
				TypeCache.ScanAssembly (0ms)
			ScanForSourceGeneratedMonoScriptInfo (0ms)
			ResolveRequiredComponents (6ms)
	FinalizeReload (973ms)
		ReleaseScriptCaches (0ms)
		RebuildScriptCaches (0ms)
		SetupLoadedEditorAssemblies (488ms)
			LogAssemblyErrors (0ms)
			InitializePlatformSupportModulesInManaged (8ms)
			SetLoadedEditorAssemblies (4ms)
			RefreshPlugins (0ms)
			BeforeProcessingInitializeOnLoad (58ms)
			ProcessInitializeOnLoadAttributes (381ms)
			ProcessInitializeOnLoadMethodAttributes (33ms)
			AfterProcessingInitializeOnLoad (4ms)
			EditorAssembliesLoaded (0ms)
		ExecutionOrderSort2 (0ms)
		AwakeInstancesAfterBackupRestoration (14ms)
Refreshing native plugins compatible for Editor in 3.31 ms, found 3 plugins.
Preloading 0 native plugins for Editor in 0.00 ms.
Unloading 3150 Unused Serialized files (Serialized files now loaded: 0)
Unloading 25 unused Assets / (3.6 MB). Loaded Objects now: 3624.
Memory consumption went from 125.3 MB to 121.7 MB.
Total: 5.456400 ms (FindLiveObjects: 0.494100 ms CreateObjectMapping: 0.347000 ms MarkObjects: 3.008900 ms  DeleteObjects: 1.605200 ms)

Prepare: number of updated asset objects reloaded= 0
AssetImportParameters requested are different than current active one (requested -> active):
  custom:container-demuxer-ogg: 62fdf1f143b41e24485cea50d1cbac27 -> 
  custom:video-codec-MediaFoundation-h265: 746d11721c4dcdbdad8f713fa42b33f4 -> 
  custom:scripting/monoscript/fileName/LineInspector.cs: d7a70dd95c86ffeaf2d974957b035503 -> 
  custom:video-decoder-ogg-theora: a1e56fd34408186e4bbccfd4996cb3dc -> 
  custom:framework-win-MediaFoundation: 216162199b28c13a410421893ffa2e32 -> 
  custom:scripting/monoscript/fileName/BezierSpline.cs: 346a6f6450ee7e780ff47feb5fae1a07 -> 
  custom:CustomObjectIndexerAttribute: 9a22284fe3817be447336de3de66b15e -> 
  custom:scripting/monoscript/fileName/HumpBackWhale.cs: ad9e577943e6f39550451646ad9df715 -> 
  custom:container-demuxer-webm: 4f35f7cbe854078d1ac9338744f61a02 -> 
  custom:scripting/monoscript/fileName/SplineDecorator.cs: 50733bf2a176bc66cff0e9750c5bc663 -> 
  custom:scripting/monoscript/fileName/CausticsController.cs: 63cdce5ea948159f83fc80b7667957c2 -> 
  custom:container-muxer-webm: aa71ff27fc2769a1b78a27578f13a17b -> 
  custom:video-decoder-webm-vp8: 9c59270c3fd7afecdb556c50c9e8de78 -> 
  custom:SearchIndexIgnoredProperties: e643bd26f0fe6173181afceb89e7c659 -> 
  custom:AudioImporter_EditorPlatform: d09bf68614088b80899f8185d706f6e7 -> 
  custom:scripting/monoscript/fileName/Bezier.cs: 0058c0d22702f31b1011767f29450803 -> 
  custom:scripting/monoscript/fileName/BezierSplineInspector.cs: ee67d4eee698f29cd287660841f22abe -> 
  custom:scripting/monoscript/fileName/SplineWalker.cs: c944d980d12105f2e94fde0e7a8ba384 -> 
  custom:video-encoder-webm-vp8: eb34c28f22e8b96e1ab97ce403110664 -> 
  custom:audio-decoder-ogg-vorbis: bf7c407c2cedff20999df2af8eb42d56 -> 
  custom:scripting/monoscript/fileName/BezierCurveInspector.cs: b7352481e7a7f21de3b0b9f5b316bf4c -> 
  custom:scripting/monoscript/fileName/FlyCamera.cs: 1786f69b19e6a2fbdc61a5b18586fa68 -> 
  custom:scripting/monoscript/fileName/BezierCurve.cs: e696d22cc3a2a90e461dbbf856a98b46 -> 
  custom:scripting/monoscript/fileName/Line.cs: 8bf94875d96fb6b6a0d27b4a9998991d -> 
  custom:audio-encoder-webm-vorbis: bf7c407c2cedff20999df2af8eb42d56 -> 
  custom:scripting/precompiled-assembly-types:Assembly-CSharp-Editor: 6727cbf3c61b728bfe53edb9609c0ca4 -> 
  custom:scripting/precompiled-assembly-types:Assembly-CSharp: 0efd7b4038479552dfe0001eabfe1ff2 -> 
========================================================================
Received Import Request.
  Time since last request: 263.779449 seconds.
  path: Assets/Davis3D/OceanEnvironmentPack/Materials/M_Anemone.mat
  artifactKey: Guid(fad1cee90a0cf7c4881411cee546b923) Importer(815301076,1909f56bfc062723c751e8b465ee728b)
Start importing Assets/Davis3D/OceanEnvironmentPack/Materials/M_Anemone.mat using Guid(fad1cee90a0cf7c4881411cee546b923) Importer(815301076,1909f56bfc062723c751e8b465ee728b) [PhysX] Initialized MultithreadedTaskDispatcher with 12 workers.
[PhysX] Initialized MultithreadedTaskDispatcher with 12 workers.
 -> (artifact id: '2f6dcf8464ea0dda0b4d22d67b019d67') in 1.437543 seconds
Number of updated asset objects reloaded before import = 0
Number of asset objects unloaded after import = 4
========================================================================
Received Import Request.
  Time since last request: 0.000044 seconds.
  path: Assets/Davis3D/OceanEnvironmentPack/Materials/M_SpongeLarge.mat
  artifactKey: Guid(d13ba64bfa1441a45a5d2562183e869e) Importer(815301076,1909f56bfc062723c751e8b465ee728b)
Start importing Assets/Davis3D/OceanEnvironmentPack/Materials/M_SpongeLarge.mat using Guid(d13ba64bfa1441a45a5d2562183e869e) Importer(815301076,1909f56bfc062723c751e8b465ee728b) [PhysX] Initialized MultithreadedTaskDispatcher with 12 workers.
[PhysX] Initialized MultithreadedTaskDispatcher with 12 workers.
 -> (artifact id: '3aad8666c44d46ebbf46de514cb76316') in 0.652007 seconds
Number of updated asset objects reloaded before import = 0
Number of asset objects unloaded after import = 5
========================================================================
Received Import Request.
  Time since last request: 0.000036 seconds.
  path: Assets/Davis3D/OceanEnvironmentPack/Materials/Jellyfish
  artifactKey: Guid(546bedaae48a8bf469bb88d13e9a03bc) Importer(815301076,1909f56bfc062723c751e8b465ee728b)
Start importing Assets/Davis3D/OceanEnvironmentPack/Materials/Jellyfish using Guid(546bedaae48a8bf469bb88d13e9a03bc) Importer(815301076,1909f56bfc062723c751e8b465ee728b) [PhysX] Initialized MultithreadedTaskDispatcher with 12 workers.
 -> (artifact id: '272a481acdbd79262bdd4831d93b3803') in 0.000954 seconds
Number of updated asset objects reloaded before import = 0
Number of asset objects unloaded after import = 0
========================================================================
Received Import Request.
  Time since last request: 0.000073 seconds.
  path: Assets/Davis3D/OceanEnvironmentPack/Materials/M_Kelp.mat
  artifactKey: Guid(ad99bce8093685642bba5f2b2f03cecd) Importer(815301076,1909f56bfc062723c751e8b465ee728b)
Start importing Assets/Davis3D/OceanEnvironmentPack/Materials/M_Kelp.mat using Guid(ad99bce8093685642bba5f2b2f03cecd) Importer(815301076,1909f56bfc062723c751e8b465ee728b) [PhysX] Initialized MultithreadedTaskDispatcher with 12 workers.
[PhysX] Initialized MultithreadedTaskDispatcher with 12 workers.
 -> (artifact id: '44a201cfdf54a3d88d3b7386aeb29782') in 0.090174 seconds
Number of updated asset objects reloaded before import = 0
Number of asset objects unloaded after import = 6
========================================================================
Received Import Request.
  Time since last request: 0.000047 seconds.
  path: Assets/Davis3D/OceanEnvironmentPack/Materials/M_UnlitTwoSide.mat
  artifactKey: Guid(08661730922eb744bb7da468c9603a3f) Importer(815301076,1909f56bfc062723c751e8b465ee728b)
Start importing Assets/Davis3D/OceanEnvironmentPack/Materials/M_UnlitTwoSide.mat using Guid(08661730922eb744bb7da468c9603a3f) Importer(815301076,1909f56bfc062723c751e8b465ee728b) [PhysX] Initialized MultithreadedTaskDispatcher with 12 workers.
[PhysX] Initialized MultithreadedTaskDispatcher with 12 workers.
 -> (artifact id: '5b3af785b323b60ba6c45f47cd2cef0e') in 0.175834 seconds
Number of updated asset objects reloaded before import = 0
Number of asset objects unloaded after import = 2
========================================================================
Received Import Request.
  Time since last request: 0.000034 seconds.
  path: Assets/Davis3D/OceanEnvironmentPack/Materials/M_Steam.mat
  artifactKey: Guid(55f6c345f15f17e41a00093835d9aad2) Importer(815301076,1909f56bfc062723c751e8b465ee728b)
Start importing Assets/Davis3D/OceanEnvironmentPack/Materials/M_Steam.mat using Guid(55f6c345f15f17e41a00093835d9aad2) Importer(815301076,1909f56bfc062723c751e8b465ee728b) [PhysX] Initialized MultithreadedTaskDispatcher with 12 workers.
[PhysX] Initialized MultithreadedTaskDispatcher with 12 workers.
 -> (artifact id: '74f2af319745ee5c2353d3d97e51f8f7') in 0.561402 seconds
Number of updated asset objects reloaded before import = 0
Number of asset objects unloaded after import = 2
========================================================================
Received Import Request.
  Time since last request: 0.000036 seconds.
  path: Assets/Davis3D/OceanEnvironmentPack/Materials/M_Rock_C.mat
  artifactKey: Guid(fd958604714913840822920d9efa51dd) Importer(815301076,1909f56bfc062723c751e8b465ee728b)
Start importing Assets/Davis3D/OceanEnvironmentPack/Materials/M_Rock_C.mat using Guid(fd958604714913840822920d9efa51dd) Importer(815301076,1909f56bfc062723c751e8b465ee728b) [PhysX] Initialized MultithreadedTaskDispatcher with 12 workers.
[PhysX] Initialized MultithreadedTaskDispatcher with 12 workers.
 -> (artifact id: '9d9251f696bf703f37b61308f8ba7353') in 0.418995 seconds
Number of updated asset objects reloaded before import = 0
Number of asset objects unloaded after import = 4
========================================================================
Received Import Request.
  Time since last request: 0.000030 seconds.
  path: Assets/Davis3D/OceanEnvironmentPack/Materials/M_Rock_B.mat
  artifactKey: Guid(44427f0bc8ce5604e990e7563e26353b) Importer(815301076,1909f56bfc062723c751e8b465ee728b)
Start importing Assets/Davis3D/OceanEnvironmentPack/Materials/M_Rock_B.mat using Guid(44427f0bc8ce5604e990e7563e26353b) Importer(815301076,1909f56bfc062723c751e8b465ee728b) [PhysX] Initialized MultithreadedTaskDispatcher with 12 workers.
[PhysX] Initialized MultithreadedTaskDispatcher with 12 workers.
 -> (artifact id: 'e3f9dd70c11a35c0d86095d961a73346') in 0.058485 seconds
Number of updated asset objects reloaded before import = 0
Number of asset objects unloaded after import = 4
========================================================================
Received Import Request.
  Time since last request: 0.000046 seconds.
  path: Assets/Davis3D/OceanEnvironmentPack/Materials/M_Shell.mat
  artifactKey: Guid(3d90885129454aa4f94d6d2f40a7f225) Importer(815301076,1909f56bfc062723c751e8b465ee728b)
Start importing Assets/Davis3D/OceanEnvironmentPack/Materials/M_Shell.mat using Guid(3d90885129454aa4f94d6d2f40a7f225) Importer(815301076,1909f56bfc062723c751e8b465ee728b) [PhysX] Initialized MultithreadedTaskDispatcher with 12 workers.
[PhysX] Initialized MultithreadedTaskDispatcher with 12 workers.
 -> (artifact id: '5419cf147f5fac0232b13c2e2bda7c6a') in 0.576682 seconds
Number of updated asset objects reloaded before import = 0
Number of asset objects unloaded after import = 4
========================================================================
Received Import Request.
  Time since last request: 0.000028 seconds.
  path: Assets/Davis3D/OceanEnvironmentPack/Materials/M_HammerheadShark.mat
  artifactKey: Guid(a47762d4fb411b6478883d90113306fe) Importer(815301076,1909f56bfc062723c751e8b465ee728b)
Start importing Assets/Davis3D/OceanEnvironmentPack/Materials/M_HammerheadShark.mat using Guid(a47762d4fb411b6478883d90113306fe) Importer(815301076,1909f56bfc062723c751e8b465ee728b) [PhysX] Initialized MultithreadedTaskDispatcher with 12 workers.
[PhysX] Initialized MultithreadedTaskDispatcher with 12 workers.
 -> (artifact id: 'a83853fb8e5970d374ea2698284cd2ca') in 0.034208 seconds
Number of updated asset objects reloaded before import = 0
Number of asset objects unloaded after import = 4
========================================================================
Received Import Request.
  Time since last request: 0.000039 seconds.
  path: Assets/Davis3D/OceanEnvironmentPack/Materials/M_Rock_A.mat
  artifactKey: Guid(4359fa74059738e49b243f169a8670b0) Importer(815301076,1909f56bfc062723c751e8b465ee728b)
Start importing Assets/Davis3D/OceanEnvironmentPack/Materials/M_Rock_A.mat using Guid(4359fa74059738e49b243f169a8670b0) Importer(815301076,1909f56bfc062723c751e8b465ee728b) [PhysX] Initialized MultithreadedTaskDispatcher with 12 workers.
[PhysX] Initialized MultithreadedTaskDispatcher with 12 workers.
 -> (artifact id: 'b43d9a432f7b1dafef12489605fb3721') in 0.077651 seconds
Number of updated asset objects reloaded before import = 0
Number of asset objects unloaded after import = 4
========================================================================
Received Import Request.
  Time since last request: 0.000035 seconds.
  path: Assets/Davis3D/OceanEnvironmentPack/Materials/M_Plants_Base.mat
  artifactKey: Guid(3dbc3c61c7c293f469fe3dc66c95f1e9) Importer(815301076,1909f56bfc062723c751e8b465ee728b)
Start importing Assets/Davis3D/OceanEnvironmentPack/Materials/M_Plants_Base.mat using Guid(3dbc3c61c7c293f469fe3dc66c95f1e9) Importer(815301076,1909f56bfc062723c751e8b465ee728b) [PhysX] Initialized MultithreadedTaskDispatcher with 12 workers.
[PhysX] Initialized MultithreadedTaskDispatcher with 12 workers.
 -> (artifact id: 'c0cdc83a3fb31f0fa9120f0fa2ea100b') in 0.037328 seconds
Number of updated asset objects reloaded before import = 0
Number of asset objects unloaded after import = 5
========================================================================
Received Import Request.
  Time since last request: 3.107596 seconds.
  path: Assets/Davis3D/OceanEnvironmentPack/Materials/Jellyfish_NoOffset
  artifactKey: Guid(95f40f29b906b58409f484bf7466d96b) Importer(815301076,1909f56bfc062723c751e8b465ee728b)
Start importing Assets/Davis3D/OceanEnvironmentPack/Materials/Jellyfish_NoOffset using Guid(95f40f29b906b58409f484bf7466d96b) Importer(815301076,1909f56bfc062723c751e8b465ee728b) [PhysX] Initialized MultithreadedTaskDispatcher with 12 workers.
 -> (artifact id: '4d9f63a70cb68776e48e6827211bfcac') in 0.001360 seconds
Number of updated asset objects reloaded before import = 0
Number of asset objects unloaded after import = 0
========================================================================
Received Import Request.
  Time since last request: 0.135027 seconds.
  path: Assets/Davis3D/OceanEnvironmentPack/Materials/Jellyfish_NoOffset/M_Jellyfish_0.mat
  artifactKey: Guid(7c31a1beb55980747aaf11d2f7eedf34) Importer(815301076,1909f56bfc062723c751e8b465ee728b)
Start importing Assets/Davis3D/OceanEnvironmentPack/Materials/Jellyfish_NoOffset/M_Jellyfish_0.mat using Guid(7c31a1beb55980747aaf11d2f7eedf34) Importer(815301076,1909f56bfc062723c751e8b465ee728b) [PhysX] Initialized MultithreadedTaskDispatcher with 12 workers.
[PhysX] Initialized MultithreadedTaskDispatcher with 12 workers.
 -> (artifact id: '7ae7e60b8ae4b9c0c75ac1a2c72723af') in 0.930230 seconds
Number of updated asset objects reloaded before import = 0
Number of asset objects unloaded after import = 6
========================================================================
Received Import Request.
  Time since last request: 0.000047 seconds.
  path: Assets/Davis3D/OceanEnvironmentPack/Materials/Jellyfish_NoOffset/M_Jellyfish_Tendrils_0.mat
  artifactKey: Guid(441ebafd4b8bd6a4f9811a218ca7b450) Importer(815301076,1909f56bfc062723c751e8b465ee728b)
Start importing Assets/Davis3D/OceanEnvironmentPack/Materials/Jellyfish_NoOffset/M_Jellyfish_Tendrils_0.mat using Guid(441ebafd4b8bd6a4f9811a218ca7b450) Importer(815301076,1909f56bfc062723c751e8b465ee728b) [PhysX] Initialized MultithreadedTaskDispatcher with 12 workers.
[PhysX] Initialized MultithreadedTaskDispatcher with 12 workers.
 -> (artifact id: 'e838540453cb7c8ae25553bed0ca6c51') in 0.701329 seconds
Number of updated asset objects reloaded before import = 0
Number of asset objects unloaded after import = 6
========================================================================
Received Import Request.
  Time since last request: 0.000053 seconds.
  path: Assets/Davis3D/OceanEnvironmentPack/Materials/Jellyfish_NoOffset/M_Jellyfish_3.mat
  artifactKey: Guid(04e3b106b901f8b4f8e9d4d125fcffe2) Importer(815301076,1909f56bfc062723c751e8b465ee728b)
Start importing Assets/Davis3D/OceanEnvironmentPack/Materials/Jellyfish_NoOffset/M_Jellyfish_3.mat using Guid(04e3b106b901f8b4f8e9d4d125fcffe2) Importer(815301076,1909f56bfc062723c751e8b465ee728b) [PhysX] Initialized MultithreadedTaskDispatcher with 12 workers.
[PhysX] Initialized MultithreadedTaskDispatcher with 12 workers.
 -> (artifact id: 'a81a0214b3c2dbdb0b52957589578990') in 0.045192 seconds
Number of updated asset objects reloaded before import = 0
Number of asset objects unloaded after import = 6
========================================================================
Received Import Request.
  Time since last request: 3.205390 seconds.
  path: Assets/Davis3D/OceanEnvironmentPack/Meshes/SM_Rock_A.FBX
  artifactKey: Guid(dc745d01ece6105458c922c8ea576bb3) Importer(815301076,1909f56bfc062723c751e8b465ee728b)
Start importing Assets/Davis3D/OceanEnvironmentPack/Meshes/SM_Rock_A.FBX using Guid(dc745d01ece6105458c922c8ea576bb3) Importer(815301076,1909f56bfc062723c751e8b465ee728b) [PhysX] Initialized MultithreadedTaskDispatcher with 12 workers.
[PhysX] Initialized MultithreadedTaskDispatcher with 12 workers.
[PhysX] Initialized MultithreadedTaskDispatcher with 12 workers.
[PhysX] Initialized MultithreadedTaskDispatcher with 12 workers.
[PhysX] Initialized MultithreadedTaskDispatcher with 12 workers.
[PhysX] Initialized MultithreadedTaskDispatcher with 12 workers.
[PhysX] Initialized MultithreadedTaskDispatcher with 12 workers.
[PhysX] Initialized MultithreadedTaskDispatcher with 12 workers.
[PhysX] Initialized MultithreadedTaskDispatcher with 12 workers.
[PhysX] Initialized MultithreadedTaskDispatcher with 12 workers.
[PhysX] Initialized MultithreadedTaskDispatcher with 12 workers.
[PhysX] Initialized MultithreadedTaskDispatcher with 12 workers.
 -> (artifact id: '085722c75cf9f321f6b81f66af84b504') in 0.887077 seconds
Number of updated asset objects reloaded before import = 0
Number of asset objects unloaded after import = 39
========================================================================
Received Import Request.
  Time since last request: 1.658615 seconds.
  path: Assets/Davis3D/OceanEnvironmentPack/Meshes/Creatures/SM_Jellyfish.FBX
  artifactKey: Guid(635cf71948477814b86bf1957f39d677) Importer(815301076,1909f56bfc062723c751e8b465ee728b)
Start importing Assets/Davis3D/OceanEnvironmentPack/Meshes/Creatures/SM_Jellyfish.FBX using Guid(635cf71948477814b86bf1957f39d677) Importer(815301076,1909f56bfc062723c751e8b465ee728b) [PhysX] Initialized MultithreadedTaskDispatcher with 12 workers.
[PhysX] Initialized MultithreadedTaskDispatcher with 12 workers.
[PhysX] Initialized MultithreadedTaskDispatcher with 12 workers.
[PhysX] Initialized MultithreadedTaskDispatcher with 12 workers.
[PhysX] Initialized MultithreadedTaskDispatcher with 12 workers.
[PhysX] Initialized MultithreadedTaskDispatcher with 12 workers.
[PhysX] Initialized MultithreadedTaskDispatcher with 12 workers.
[PhysX] Initialized MultithreadedTaskDispatcher with 12 workers.
[PhysX] Initialized MultithreadedTaskDispatcher with 12 workers.
[PhysX] Initialized MultithreadedTaskDispatcher with 12 workers.
[PhysX] Initialized MultithreadedTaskDispatcher with 12 workers.
[PhysX] Initialized MultithreadedTaskDispatcher with 12 workers.
[PhysX] Initialized MultithreadedTaskDispatcher with 12 workers.
[PhysX] Initialized MultithreadedTaskDispatcher with 12 workers.
[PhysX] Initialized MultithreadedTaskDispatcher with 12 workers.
[PhysX] Initialized MultithreadedTaskDispatcher with 12 workers.
[PhysX] Initialized MultithreadedTaskDispatcher with 12 workers.
 -> (artifact id: '17802c448ba4f814963bef9846615849') in 0.243634 seconds
Number of updated asset objects reloaded before import = 0
Number of asset objects unloaded after import = 32
========================================================================
Received Import Request.
  Time since last request: 7.524291 seconds.
  path: Assets/Davis3D/OceanEnvironmentPack/Meshes/Plants/SM_Coral_A.FBX
  artifactKey: Guid(66b00b549bf5bf547865cd28855af185) Importer(815301076,1909f56bfc062723c751e8b465ee728b)
Start importing Assets/Davis3D/OceanEnvironmentPack/Meshes/Plants/SM_Coral_A.FBX using Guid(66b00b549bf5bf547865cd28855af185) Importer(815301076,1909f56bfc062723c751e8b465ee728b) [PhysX] Initialized MultithreadedTaskDispatcher with 12 workers.
[PhysX] Initialized MultithreadedTaskDispatcher with 12 workers.
[PhysX] Initialized MultithreadedTaskDispatcher with 12 workers.
[PhysX] Initialized MultithreadedTaskDispatcher with 12 workers.
[PhysX] Initialized MultithreadedTaskDispatcher with 12 workers.
[PhysX] Initialized MultithreadedTaskDispatcher with 12 workers.
[PhysX] Initialized MultithreadedTaskDispatcher with 12 workers.
[PhysX] Initialized MultithreadedTaskDispatcher with 12 workers.
[PhysX] Initialized MultithreadedTaskDispatcher with 12 workers.
[PhysX] Initialized MultithreadedTaskDispatcher with 12 workers.
[PhysX] Initialized MultithreadedTaskDispatcher with 12 workers.
 -> (artifact id: 'fa19414ca1ee73bb3d2b1771a7cde260') in 0.198001 seconds
Number of updated asset objects reloaded before import = 0
Number of asset objects unloaded after import = 26
========================================================================
Received Import Request.
  Time since last request: 0.000037 seconds.
  path: Assets/Davis3D/OceanEnvironmentPack/Meshes/Plants/SM_SeaWeed_Single.FBX
  artifactKey: Guid(2ab8ed3813d13c34499e3fbc4e7de445) Importer(815301076,1909f56bfc062723c751e8b465ee728b)
Start importing Assets/Davis3D/OceanEnvironmentPack/Meshes/Plants/SM_SeaWeed_Single.FBX using Guid(2ab8ed3813d13c34499e3fbc4e7de445) Importer(815301076,1909f56bfc062723c751e8b465ee728b) [PhysX] Initialized MultithreadedTaskDispatcher with 12 workers.
[PhysX] Initialized MultithreadedTaskDispatcher with 12 workers.
[PhysX] Initialized MultithreadedTaskDispatcher with 12 workers.
[PhysX] Initialized MultithreadedTaskDispatcher with 12 workers.
[PhysX] Initialized MultithreadedTaskDispatcher with 12 workers.
[PhysX] Initialized MultithreadedTaskDispatcher with 12 workers.
[PhysX] Initialized MultithreadedTaskDispatcher with 12 workers.
[PhysX] Initialized MultithreadedTaskDispatcher with 12 workers.
[PhysX] Initialized MultithreadedTaskDispatcher with 12 workers.
[PhysX] Initialized MultithreadedTaskDispatcher with 12 workers.
[PhysX] Initialized MultithreadedTaskDispatcher with 12 workers.
 -> (artifact id: '1230d061ecef892c25f45b930f78b2c2') in 0.153372 seconds
Number of updated asset objects reloaded before import = 0
Number of asset objects unloaded after import = 34
========================================================================
Received Import Request.
  Time since last request: 3.836313 seconds.
  path: Assets/Davis3D/OceanEnvironmentPack/Meshes/Plants/Kelp/SM_Kelp_B.FBX
  artifactKey: Guid(2f381d9b43b307e4eb26e34dae561e75) Importer(815301076,1909f56bfc062723c751e8b465ee728b)
Start importing Assets/Davis3D/OceanEnvironmentPack/Meshes/Plants/Kelp/SM_Kelp_B.FBX using Guid(2f381d9b43b307e4eb26e34dae561e75) Importer(815301076,1909f56bfc062723c751e8b465ee728b) [PhysX] Initialized MultithreadedTaskDispatcher with 12 workers.
[PhysX] Initialized MultithreadedTaskDispatcher with 12 workers.
[PhysX] Initialized MultithreadedTaskDispatcher with 12 workers.
[PhysX] Initialized MultithreadedTaskDispatcher with 12 workers.
[PhysX] Initialized MultithreadedTaskDispatcher with 12 workers.
[PhysX] Initialized MultithreadedTaskDispatcher with 12 workers.
[PhysX] Initialized MultithreadedTaskDispatcher with 12 workers.
[PhysX] Initialized MultithreadedTaskDispatcher with 12 workers.
[PhysX] Initialized MultithreadedTaskDispatcher with 12 workers.
[PhysX] Initialized MultithreadedTaskDispatcher with 12 workers.
[PhysX] Initialized MultithreadedTaskDispatcher with 12 workers.
[PhysX] Initialized MultithreadedTaskDispatcher with 12 workers.
 -> (artifact id: 'c7ad8bb497abfe568732d2f8f675a3da') in 0.205948 seconds
Number of updated asset objects reloaded before import = 0
Number of asset objects unloaded after import = 27
========================================================================
Received Prepare
Caller must complete domain reload
Begin MonoManager ReloadAssembly
- Loaded All Assemblies, in  4.099 seconds
Native extension for WindowsStandalone target not found
Mono: successfully reloaded assembly
- Finished resetting the current domain, in  1.798 seconds
Domain Reload Profiling: 5894ms
	BeginReloadAssembly (1302ms)
		ExecutionOrderSort (0ms)
		DisableScriptedObjects (8ms)
		BackupInstance (0ms)
		ReleaseScriptingObjects (0ms)
		CreateAndSetChildDomain (71ms)
	RebuildCommonClasses (306ms)
	RebuildNativeTypeToScriptingClass (769ms)
	initialDomainReloadingComplete (115ms)
	LoadAllAssembliesAndSetupDomain (1602ms)
		LoadAssemblies (2695ms)
		RebuildTransferFunctionScriptingTraits (0ms)
		AnalyzeDomain (82ms)
			TypeCache.Refresh (37ms)
				TypeCache.ScanAssembly (0ms)
			ScanForSourceGeneratedMonoScriptInfo (3ms)
			ResolveRequiredComponents (38ms)
	FinalizeReload (1800ms)
		ReleaseScriptCaches (0ms)
		RebuildScriptCaches (0ms)
		SetupLoadedEditorAssemblies (811ms)
			LogAssemblyErrors (0ms)
			InitializePlatformSupportModulesInManaged (10ms)
			SetLoadedEditorAssemblies (12ms)
			RefreshPlugins (0ms)
			BeforeProcessingInitializeOnLoad (115ms)
			ProcessInitializeOnLoadAttributes (616ms)
			ProcessInitializeOnLoadMethodAttributes (51ms)
			AfterProcessingInitializeOnLoad (6ms)
			EditorAssembliesLoaded (0ms)
		ExecutionOrderSort2 (0ms)
		AwakeInstancesAfterBackupRestoration (15ms)
Refreshing native plugins compatible for Editor in 3.06 ms, found 3 plugins.
Preloading 0 native plugins for Editor in 0.00 ms.
Unloading 3150 Unused Serialized files (Serialized files now loaded: 0)
Unloading 18 unused Assets / (1.3 MB). Loaded Objects now: 3677.
Memory consumption went from 130.5 MB to 129.1 MB.
Total: 6.405100 ms (FindLiveObjects: 0.388200 ms CreateObjectMapping: 0.363400 ms MarkObjects: 4.959800 ms  DeleteObjects: 0.692300 ms)

Prepare: number of updated asset objects reloaded= 0
AssetImportParameters requested are different than current active one (requested -> active):
  custom:container-demuxer-ogg: 62fdf1f143b41e24485cea50d1cbac27 -> 
  custom:video-codec-MediaFoundation-h265: 746d11721c4dcdbdad8f713fa42b33f4 -> 
  custom:scripting/monoscript/fileName/LineInspector.cs: d7a70dd95c86ffeaf2d974957b035503 -> 
  custom:video-decoder-ogg-theora: a1e56fd34408186e4bbccfd4996cb3dc -> 
  custom:framework-win-MediaFoundation: 216162199b28c13a410421893ffa2e32 -> 
  custom:scripting/monoscript/fileName/BezierSpline.cs: 346a6f6450ee7e780ff47feb5fae1a07 -> 
  custom:CustomObjectIndexerAttribute: 9a22284fe3817be447336de3de66b15e -> 
  custom:scripting/monoscript/fileName/HumpBackWhale.cs: ad9e577943e6f39550451646ad9df715 -> 
  custom:container-demuxer-webm: 4f35f7cbe854078d1ac9338744f61a02 -> 
  custom:scripting/monoscript/fileName/SplineDecorator.cs: 50733bf2a176bc66cff0e9750c5bc663 -> 
  custom:scripting/monoscript/fileName/CausticsController.cs: 63cdce5ea948159f83fc80b7667957c2 -> 
  custom:container-muxer-webm: aa71ff27fc2769a1b78a27578f13a17b -> 
  custom:video-decoder-webm-vp8: 9c59270c3fd7afecdb556c50c9e8de78 -> 
  custom:SearchIndexIgnoredProperties: e643bd26f0fe6173181afceb89e7c659 -> 
  custom:AudioImporter_EditorPlatform: d09bf68614088b80899f8185d706f6e7 -> 
  custom:scripting/monoscript/fileName/Bezier.cs: 0058c0d22702f31b1011767f29450803 -> 
  custom:scripting/monoscript/fileName/BezierSplineInspector.cs: ee67d4eee698f29cd287660841f22abe -> 
  custom:scripting/monoscript/fileName/SplineWalker.cs: c944d980d12105f2e94fde0e7a8ba384 -> 
  custom:video-encoder-webm-vp8: eb34c28f22e8b96e1ab97ce403110664 -> 
  custom:audio-decoder-ogg-vorbis: bf7c407c2cedff20999df2af8eb42d56 -> 
  custom:scripting/monoscript/fileName/BezierCurveInspector.cs: b7352481e7a7f21de3b0b9f5b316bf4c -> 
  custom:scripting/monoscript/fileName/FlyCamera.cs: 1786f69b19e6a2fbdc61a5b18586fa68 -> 
  custom:scripting/monoscript/fileName/BezierCurve.cs: e696d22cc3a2a90e461dbbf856a98b46 -> 
  custom:scripting/monoscript/fileName/Line.cs: 8bf94875d96fb6b6a0d27b4a9998991d -> 
  custom:audio-encoder-webm-vorbis: bf7c407c2cedff20999df2af8eb42d56 -> 
  custom:scripting/precompiled-assembly-types:Assembly-CSharp-Editor: 6727cbf3c61b728bfe53edb9609c0ca4 -> 
  custom:scripting/precompiled-assembly-types:Assembly-CSharp: 0efd7b4038479552dfe0001eabfe1ff2 -> 
========================================================================
Received Prepare
Caller must complete domain reload
Begin MonoManager ReloadAssembly
- Loaded All Assemblies, in  0.960 seconds
Native extension for WindowsStandalone target not found
Mono: successfully reloaded assembly
- Finished resetting the current domain, in 18.872 seconds
Domain Reload Profiling: 19832ms
	BeginReloadAssembly (233ms)
		ExecutionOrderSort (0ms)
		DisableScriptedObjects (10ms)
		BackupInstance (0ms)
		ReleaseScriptingObjects (0ms)
		CreateAndSetChildDomain (41ms)
	RebuildCommonClasses (51ms)
	RebuildNativeTypeToScriptingClass (22ms)
	initialDomainReloadingComplete (44ms)
	LoadAllAssembliesAndSetupDomain (609ms)
		LoadAssemblies (732ms)
		RebuildTransferFunctionScriptingTraits (0ms)
		AnalyzeDomain (22ms)
			TypeCache.Refresh (9ms)
				TypeCache.ScanAssembly (0ms)
			ScanForSourceGeneratedMonoScriptInfo (0ms)
			ResolveRequiredComponents (8ms)
	FinalizeReload (18873ms)
		ReleaseScriptCaches (0ms)
		RebuildScriptCaches (0ms)
		SetupLoadedEditorAssemblies (556ms)
			LogAssemblyErrors (0ms)
			InitializePlatformSupportModulesInManaged (7ms)
			SetLoadedEditorAssemblies (7ms)
			RefreshPlugins (0ms)
			BeforeProcessingInitializeOnLoad (84ms)
			ProcessInitializeOnLoadAttributes (415ms)
			ProcessInitializeOnLoadMethodAttributes (40ms)
			AfterProcessingInitializeOnLoad (3ms)
			EditorAssembliesLoaded (0ms)
		ExecutionOrderSort2 (0ms)
		AwakeInstancesAfterBackupRestoration (13ms)
Refreshing native plugins compatible for Editor in 4.99 ms, found 3 plugins.
Preloading 0 native plugins for Editor in 0.00 ms.
Unloading 3144 Unused Serialized files (Serialized files now loaded: 0)
Unloading 18 unused Assets / (1.3 MB). Loaded Objects now: 3680.
Memory consumption went from 129.1 MB to 127.8 MB.
Total: 5.263000 ms (FindLiveObjects: 0.290600 ms CreateObjectMapping: 0.178300 ms MarkObjects: 3.739800 ms  DeleteObjects: 1.053400 ms)

Prepare: number of updated asset objects reloaded= 0
AssetImportParameters requested are different than current active one (requested -> active):
  custom:container-demuxer-ogg: 62fdf1f143b41e24485cea50d1cbac27 -> 
  custom:video-codec-MediaFoundation-h265: 746d11721c4dcdbdad8f713fa42b33f4 -> 
  custom:scripting/monoscript/fileName/LineInspector.cs: d7a70dd95c86ffeaf2d974957b035503 -> 
  custom:video-decoder-ogg-theora: a1e56fd34408186e4bbccfd4996cb3dc -> 
  custom:framework-win-MediaFoundation: 216162199b28c13a410421893ffa2e32 -> 
  custom:scripting/monoscript/fileName/BezierSpline.cs: 346a6f6450ee7e780ff47feb5fae1a07 -> 
  custom:CustomObjectIndexerAttribute: 9a22284fe3817be447336de3de66b15e -> 
  custom:scripting/monoscript/fileName/HumpBackWhale.cs: ad9e577943e6f39550451646ad9df715 -> 
  custom:container-demuxer-webm: 4f35f7cbe854078d1ac9338744f61a02 -> 
  custom:scripting/monoscript/fileName/SplineDecorator.cs: 50733bf2a176bc66cff0e9750c5bc663 -> 
  custom:scripting/monoscript/fileName/CausticsController.cs: 63cdce5ea948159f83fc80b7667957c2 -> 
  custom:container-muxer-webm: aa71ff27fc2769a1b78a27578f13a17b -> 
  custom:video-decoder-webm-vp8: 9c59270c3fd7afecdb556c50c9e8de78 -> 
  custom:SearchIndexIgnoredProperties: e643bd26f0fe6173181afceb89e7c659 -> 
  custom:AudioImporter_EditorPlatform: d09bf68614088b80899f8185d706f6e7 -> 
  custom:scripting/monoscript/fileName/Bezier.cs: 0058c0d22702f31b1011767f29450803 -> 
  custom:scripting/monoscript/fileName/BezierSplineInspector.cs: ee67d4eee698f29cd287660841f22abe -> 
  custom:scripting/monoscript/fileName/SplineWalker.cs: c944d980d12105f2e94fde0e7a8ba384 -> 
  custom:video-encoder-webm-vp8: eb34c28f22e8b96e1ab97ce403110664 -> 
  custom:audio-decoder-ogg-vorbis: bf7c407c2cedff20999df2af8eb42d56 -> 
  custom:scripting/monoscript/fileName/BezierCurveInspector.cs: b7352481e7a7f21de3b0b9f5b316bf4c -> 
  custom:scripting/monoscript/fileName/FlyCamera.cs: 1786f69b19e6a2fbdc61a5b18586fa68 -> 
  custom:scripting/monoscript/fileName/BezierCurve.cs: e696d22cc3a2a90e461dbbf856a98b46 -> 
  custom:scripting/monoscript/fileName/Line.cs: 8bf94875d96fb6b6a0d27b4a9998991d -> 
  custom:audio-encoder-webm-vorbis: bf7c407c2cedff20999df2af8eb42d56 -> 
  custom:scripting/precompiled-assembly-types:Assembly-CSharp-Editor: 6727cbf3c61b728bfe53edb9609c0ca4 -> 
  custom:scripting/precompiled-assembly-types:Assembly-CSharp: 0efd7b4038479552dfe0001eabfe1ff2 -> 
